<?xml version="1.0" encoding="UTF-8" ?>
<testsuite errors="0" failures="0" hostname="LAPTOP-70MQ3A0V" name="RationalTest" skipped="0" tests="6" time="0.074" timestamp="2566-09-13T03:53:29">
  <properties>
    <property name="ant.project.invoked-targets" value="test" />
    <property name="java.runtime.name" value="OpenJDK Runtime Environment" />
    <property name="sun.boot.library.path" value="C:\Users\kitti\.jdks\corretto-1.8.0_382\jre\bin" />
    <property name="java.vm.version" value="25.382-b05" />
    <property name="ant.library.dir" value="D:\IntelliJ IDEA 2023.2.1\lib\ant\lib" />
    <property name="user.country.format" value="TH" />
    <property name="ant.version" value="Apache Ant(TM) version 1.10.12 compiled on October 13 2021" />
    <property name="ant.java.version" value="1.8" />
    <property name="java.vm.vendor" value="Amazon.com Inc." />
    <property name="java.vendor.url" value="https://aws.amazon.com/corretto/" />
    <property name="path.separator" value=";" />
    <property name="java.vm.name" value="OpenJDK 64-Bit Server VM" />
    <property name="file.encoding.pkg" value="sun.io" />
    <property name="user.script" value="" />
    <property name="user.country" value="US" />
    <property name="sun.java.launcher" value="SUN_STANDARD" />
    <property name="sun.os.patch.level" value="" />
    <property name="java.vm.specification.name" value="Java Virtual Machine Specification" />
    <property name="user.dir" value="C:\Users\kitti\Desktop\Lab_QA\Rational" />
    <property name="java.runtime.version" value="1.8.0_382-b05" />
    <property name="java.awt.graphicsenv" value="sun.awt.Win32GraphicsEnvironment" />
    <property name="basedir" value="C:\Users\kitti\Desktop\Lab_QA\Rational" />
    <property name="java.endorsed.dirs" value="C:\Users\kitti\.jdks\corretto-1.8.0_382\jre\lib\endorsed" />
    <property name="os.arch" value="amd64" />
    <property name="java.io.tmpdir" value="C:\Users\kitti\AppData\Local\Temp\" />
    <property name="ant.core.lib" value="D:\IntelliJ IDEA 2023.2.1\lib\ant\lib\ant.jar" />
    <property name="line.separator" value="&#xd;&#xa;" />
    <property name="java.vm.specification.vendor" value="Oracle Corporation" />
    <property name="user.variant" value="" />
    <property name="os.name" value="Windows 11" />
    <property name="ant.home" value="D:\IntelliJ IDEA 2023.2.1\lib\ant" />
    <property name="sun.jnu.encoding" value="MS874" />
    <property name="java.library.path" value="C:\Users\kitti\.jdks\corretto-1.8.0_382\bin;C:\WINDOWS\Sun\Java\bin;C:\WINDOWS\system32;C:\WINDOWS;C:\Program Files (x86)\VMware\VMware Workstation\bin\;C:\Program Files\Common Files\Oracle\Java\javapath;C:\Program Files (x86)\Intel\iCLS Client\;C:\Program Files\Intel\iCLS Client\;C:\WINDOWS\system32;C:\WINDOWS;C:\WINDOWS\System32\Wbem;C:\WINDOWS\System32\WindowsPowerShell\v1.0\;C:\Program Files (x86)\Intel\Intel(R) Management Engine Components\DAL;C:\Program Files\Intel\Intel(R) Management Engine Components\DAL;C:\Program Files (x86)\Intel\Intel(R) Management Engine Components\IPT;C:\Program Files\Intel\Intel(R) Management Engine Components\IPT;C:\WINDOWS\System32\OpenSSH\;C:\apache-maven-3.9.2-bin\apache-maven-3.9.2\bin;C:\Program Files\Git\cmd;C:\Program Files\PuTTY\;C:\Users\kitti\AppData\Local\Microsoft\WindowsApps;C:\Users\kitti\AppData\Local\Programs\Microsoft VS Code\bin;C:\ProgramData\kitti\GitHubDesktop\bin;C:\Users\kitti\AppData\Local\GitHubDesktop\bin;D:\IntelliJ IDEA 2023.2.1\bin;;." />
    <property name="java.specification.name" value="Java Platform API Specification" />
    <property name="java.class.version" value="52.0" />
    <property name="sun.management.compiler" value="HotSpot 64-Bit Tiered Compilers" />
    <property name="os.version" value="10.0" />
    <property name="ant.file" value="C:\Users\kitti\Desktop\Lab_QA\Rational\build.xml" />
    <property name="user.home" value="C:\Users\kitti" />
    <property name="user.timezone" value="" />
    <property name="java.awt.printerjob" value="sun.awt.windows.WPrinterJob" />
    <property name="file.encoding" value="UTF-8" />
    <property name="java.specification.version" value="1.8" />
    <property name="java.class.path" value="D:\IntelliJ IDEA 2023.2.1\lib\ant\lib\ant.jar;C:\Users\kitti\.jdks\corretto-1.8.0_382\lib\tools.jar;D:\IntelliJ IDEA 2023.2.1\lib\idea_rt.jar" />
    <property name="user.name" value="kitti" />
    <property name="java.vm.specification.version" value="1.8" />
    <property name="sun.arch.data.model" value="64" />
    <property name="sun.java.command" value="com.intellij.rt.ant.execution.AntMain2 -logger com.intellij.rt.ant.execution.IdeaAntLogger2 -inputhandler com.intellij.rt.ant.execution.IdeaInputHandler -buildfile C:\Users\kitti\Desktop\Lab_QA\Rational\build.xml test" />
    <property name="java.home" value="C:\Users\kitti\.jdks\corretto-1.8.0_382\jre" />
    <property name="java.specification.vendor" value="Oracle Corporation" />
    <property name="user.language" value="en" />
    <property name="user.language.format" value="th" />
    <property name="awt.toolkit" value="sun.awt.windows.WToolkit" />
    <property name="java.vm.info" value="mixed mode" />
    <property name="java.version" value="1.8.0_382" />
    <property name="java.ext.dirs" value="C:\Users\kitti\.jdks\corretto-1.8.0_382\jre\lib\ext;C:\WINDOWS\Sun\Java\lib\ext" />
    <property name="sun.boot.class.path" value="C:\Users\kitti\.jdks\corretto-1.8.0_382\jre\lib\resources.jar;C:\Users\kitti\.jdks\corretto-1.8.0_382\jre\lib\rt.jar;C:\Users\kitti\.jdks\corretto-1.8.0_382\jre\lib\sunrsasign.jar;C:\Users\kitti\.jdks\corretto-1.8.0_382\jre\lib\jsse.jar;C:\Users\kitti\.jdks\corretto-1.8.0_382\jre\lib\jce.jar;C:\Users\kitti\.jdks\corretto-1.8.0_382\jre\lib\charsets.jar;C:\Users\kitti\.jdks\corretto-1.8.0_382\jre\lib\jfr.jar;C:\Users\kitti\.jdks\corretto-1.8.0_382\jre\classes" />
    <property name="java.vendor" value="Amazon.com Inc." />
    <property name="java.specification.maintenance.version" value="5" />
    <property name="file.separator" value="\" />
    <property name="java.vendor.url.bug" value="https://github.com/corretto/corretto-8/issues/" />
    <property name="sun.cpu.endian" value="little" />
    <property name="sun.io.unicode.encoding" value="UnicodeLittle" />
    <property name="ant.file.type" value="file" />
    <property name="sun.desktop" value="windows" />
    <property name="sun.cpu.isalist" value="amd64" />
  </properties>
  <testcase classname="RationalTest" name="testAdd" time="0.015" />
  <testcase classname="RationalTest" name="testSubtract" time="0.0" />
  <testcase classname="RationalTest" name="testCompareTo" time="0.0" />
  <testcase classname="RationalTest" name="testDivide" time="0.0" />
  <testcase classname="RationalTest" name="testEquals" time="0.0" />
  <testcase classname="RationalTest" name="testMultiply" time="0.002" />
  <system-out><![CDATA[]]></system-out>
  <system-err><![CDATA[]]></system-err>
</testsuite>
