<?xml version="1.0" encoding="UTF-8"?>
<testsuite name="RationalTest" tests="21" skipped="0" failures="0" errors="0" timestamp="2023-09-13T06:55:11" hostname="LAPTOP-70MQ3A0V" time="0.065">
  <properties/>
  <testcase name="testEquals1" classname="RationalTest" time="0.016"/>
  <testcase name="testEquals2" classname="RationalTest" time="0.001"/>
  <testcase name="testCompareTo1" classname="RationalTest" time="0.001"/>
  <testcase name="testCompareTo2" classname="RationalTest" time="0.0"/>
  <testcase name="testCompareTo3" classname="RationalTest" time="0.0"/>
  <testcase name="testAdd1" classname="RationalTest" time="0.0"/>
  <testcase name="testAdd2" classname="RationalTest" time="0.002"/>
  <testcase name="testAdd3" classname="RationalTest" time="0.0"/>
  <testcase name="testAdd4" classname="RationalTest" time="0.002"/>
  <testcase name="testMultiply1" classname="RationalTest" time="0.0"/>
  <testcase name="testMultiply2" classname="RationalTest" time="0.0"/>
  <testcase name="testMultiply3" classname="RationalTest" time="0.001"/>
  <testcase name="testMultiply4" classname="RationalTest" time="0.002"/>
  <testcase name="testSubtract1" classname="RationalTest" time="0.002"/>
  <testcase name="testSubtract2" classname="RationalTest" time="0.002"/>
  <testcase name="testSubtract3" classname="RationalTest" time="0.006"/>
  <testcase name="testSubtract4" classname="RationalTest" time="0.003"/>
  <testcase name="testDivide1" classname="RationalTest" time="0.0"/>
  <testcase name="testDivide2" classname="RationalTest" time="0.001"/>
  <testcase name="testDivide3" classname="RationalTest" time="0.0"/>
  <testcase name="testDivide4" classname="RationalTest" time="0.001"/>
  <system-out><![CDATA[]]></system-out>
  <system-err><![CDATA[]]></system-err>
</testsuite>
