<?xml version="1.0" encoding="UTF-8"?>
<testsuite name="RationalTest" tests="6" skipped="0" failures="0" errors="0" timestamp="2023-09-13T04:09:48" hostname="LAPTOP-70MQ3A0V" time="0.016">
  <properties/>
  <testcase name="testAdd" classname="RationalTest" time="0.011"/>
  <testcase name="testSubtract" classname="RationalTest" time="0.0"/>
  <testcase name="testCompareTo" classname="RationalTest" time="0.0"/>
  <testcase name="testDivide" classname="RationalTest" time="0.001"/>
  <testcase name="testEquals" classname="RationalTest" time="0.0"/>
  <testcase name="testMultiply" classname="RationalTest" time="0.0"/>
  <system-out><![CDATA[]]></system-out>
  <system-err><![CDATA[]]></system-err>
</testsuite>
