<?xml version="1.0" encoding="UTF-8"?>
<testsuite xmlns:xsi="http://www.w3.org/2001/XMLSchema-instance" xsi:noNamespaceSchemaLocation="https://maven.apache.org/surefire/maven-surefire-plugin/xsd/surefire-test-report-3.0.xsd" version="3.0" name="RationalTest" time="0.297" tests="21" errors="0" skipped="0" failures="0">
  <properties>
    <property name="sun.desktop" value="windows"/>
    <property name="awt.toolkit" value="sun.awt.windows.WToolkit"/>
    <property name="file.encoding.pkg" value="sun.io"/>
    <property name="java.specification.version" value="1.8"/>
    <property name="sun.cpu.isalist" value="amd64"/>
    <property name="sun.jnu.encoding" value="MS874"/>
    <property name="java.class.path" value="C:\Users\kitti\Desktop\Lab_QA\Rational\target\test-classes;C:\Users\kitti\Desktop\Lab_QA\Rational\target\classes;C:\Users\kitti\.m2\repository\junit\junit\4.13\junit-4.13.jar;C:\Users\kitti\.m2\repository\org\hamcrest\hamcrest-core\1.3\hamcrest-core-1.3.jar;"/>
    <property name="java.vm.vendor" value="Amazon.com Inc."/>
    <property name="sun.arch.data.model" value="64"/>
    <property name="user.variant" value=""/>
    <property name="java.vendor.url" value="https://aws.amazon.com/corretto/"/>
    <property name="user.timezone" value="Asia/Bangkok"/>
    <property name="user.country.format" value="TH"/>
    <property name="java.vm.specification.version" value="1.8"/>
    <property name="os.name" value="Windows 11"/>
    <property name="user.country" value="US"/>
    <property name="sun.java.launcher" value="SUN_STANDARD"/>
    <property name="sun.boot.library.path" value="C:\Users\kitti\.jdks\corretto-1.8.0_382\jre\bin"/>
    <property name="sun.java.command" value="C:\Users\kitti\AppData\Local\Temp\surefire810225348312092601\surefirebooter-20230913135447015_3.jar C:\Users\kitti\AppData\Local\Temp\surefire810225348312092601 2566-09-13T13-54-45_604-jvmRun1 surefire-20230913135447015_1tmp surefire_0-20230913135447015_2tmp"/>
    <property name="surefire.test.class.path" value="C:\Users\kitti\Desktop\Lab_QA\Rational\target\test-classes;C:\Users\kitti\Desktop\Lab_QA\Rational\target\classes;C:\Users\kitti\.m2\repository\junit\junit\4.13\junit-4.13.jar;C:\Users\kitti\.m2\repository\org\hamcrest\hamcrest-core\1.3\hamcrest-core-1.3.jar;"/>
    <property name="sun.cpu.endian" value="little"/>
    <property name="user.home" value="C:\Users\kitti"/>
    <property name="user.language" value="en"/>
    <property name="java.specification.vendor" value="Oracle Corporation"/>
    <property name="java.home" value="C:\Users\kitti\.jdks\corretto-1.8.0_382\jre"/>
    <property name="basedir" value="C:\Users\kitti\Desktop\Lab_QA\Rational"/>
    <property name="file.separator" value="\"/>
    <property name="line.separator" value="&#10;"/>
    <property name="java.vm.specification.vendor" value="Oracle Corporation"/>
    <property name="java.specification.name" value="Java Platform API Specification"/>
    <property name="java.awt.graphicsenv" value="sun.awt.Win32GraphicsEnvironment"/>
    <property name="surefire.real.class.path" value="C:\Users\kitti\AppData\Local\Temp\surefire810225348312092601\surefirebooter-20230913135447015_3.jar"/>
    <property name="sun.boot.class.path" value="C:\Users\kitti\.jdks\corretto-1.8.0_382\jre\lib\resources.jar;C:\Users\kitti\.jdks\corretto-1.8.0_382\jre\lib\rt.jar;C:\Users\kitti\.jdks\corretto-1.8.0_382\jre\lib\sunrsasign.jar;C:\Users\kitti\.jdks\corretto-1.8.0_382\jre\lib\jsse.jar;C:\Users\kitti\.jdks\corretto-1.8.0_382\jre\lib\jce.jar;C:\Users\kitti\.jdks\corretto-1.8.0_382\jre\lib\charsets.jar;C:\Users\kitti\.jdks\corretto-1.8.0_382\jre\lib\jfr.jar;C:\Users\kitti\.jdks\corretto-1.8.0_382\jre\classes"/>
    <property name="user.script" value=""/>
    <property name="sun.management.compiler" value="HotSpot 64-Bit Tiered Compilers"/>
    <property name="java.runtime.version" value="1.8.0_382-b05"/>
    <property name="user.name" value="kitti"/>
    <property name="path.separator" value=";"/>
    <property name="os.version" value="10.0"/>
    <property name="java.endorsed.dirs" value="C:\Users\kitti\.jdks\corretto-1.8.0_382\jre\lib\endorsed"/>
    <property name="java.runtime.name" value="OpenJDK Runtime Environment"/>
    <property name="file.encoding" value="MS874"/>
    <property name="java.vm.name" value="OpenJDK 64-Bit Server VM"/>
    <property name="localRepository" value="C:\Users\kitti\.m2\repository"/>
    <property name="java.vendor.url.bug" value="https://github.com/corretto/corretto-8/issues/"/>
    <property name="java.io.tmpdir" value="C:\Users\kitti\AppData\Local\Temp\"/>
    <property name="idea.version" value="2023.2.1"/>
    <property name="java.version" value="1.8.0_382"/>
    <property name="user.dir" value="C:\Users\kitti\Desktop\Lab_QA\Rational"/>
    <property name="os.arch" value="amd64"/>
    <property name="java.vm.specification.name" value="Java Virtual Machine Specification"/>
    <property name="java.awt.printerjob" value="sun.awt.windows.WPrinterJob"/>
    <property name="user.language.format" value="th"/>
    <property name="sun.os.patch.level" value=""/>
    <property name="java.library.path" value="C:\Users\kitti\.jdks\corretto-1.8.0_382\jre\bin;C:\WINDOWS\Sun\Java\bin;C:\WINDOWS\system32;C:\WINDOWS;C:\Program Files (x86)\VMware\VMware Workstation\bin\;C:\Program Files\Common Files\Oracle\Java\javapath;C:\Program Files (x86)\Intel\iCLS Client\;C:\Program Files\Intel\iCLS Client\;C:\WINDOWS\system32;C:\WINDOWS;C:\WINDOWS\System32\Wbem;C:\WINDOWS\System32\WindowsPowerShell\v1.0\;C:\Program Files (x86)\Intel\Intel(R) Management Engine Components\DAL;C:\Program Files\Intel\Intel(R) Management Engine Components\DAL;C:\Program Files (x86)\Intel\Intel(R) Management Engine Components\IPT;C:\Program Files\Intel\Intel(R) Management Engine Components\IPT;C:\WINDOWS\System32\OpenSSH\;C:\apache-maven-3.9.2-bin\apache-maven-3.9.2\bin;C:\Program Files\Git\cmd;C:\Program Files\PuTTY\;C:\Users\kitti\AppData\Local\Microsoft\WindowsApps;C:\Users\kitti\AppData\Local\Programs\Microsoft VS Code\bin;C:\ProgramData\kitti\GitHubDesktop\bin;C:\Users\kitti\AppData\Local\GitHubDesktop\bin;D:\IntelliJ IDEA 2023.2.1\bin;;."/>
    <property name="java.vm.info" value="mixed mode"/>
    <property name="java.vendor" value="Amazon.com Inc."/>
    <property name="java.vm.version" value="25.382-b05"/>
    <property name="java.specification.maintenance.version" value="5"/>
    <property name="java.ext.dirs" value="C:\Users\kitti\.jdks\corretto-1.8.0_382\jre\lib\ext;C:\WINDOWS\Sun\Java\lib\ext"/>
    <property name="sun.io.unicode.encoding" value="UnicodeLittle"/>
    <property name="java.class.version" value="52.0"/>
  </properties>
  <testcase name="testEquals1" classname="RationalTest" time="0.027"/>
  <testcase name="testEquals2" classname="RationalTest" time="0"/>
  <testcase name="testCompareTo1" classname="RationalTest" time="0"/>
  <testcase name="testCompareTo2" classname="RationalTest" time="0"/>
  <testcase name="testCompareTo3" classname="RationalTest" time="0.001"/>
  <testcase name="testAdd1" classname="RationalTest" time="0"/>
  <testcase name="testAdd2" classname="RationalTest" time="0.011"/>
  <testcase name="testAdd3" classname="RationalTest" time="0"/>
  <testcase name="testAdd4" classname="RationalTest" time="0.002"/>
  <testcase name="testMultiply1" classname="RationalTest" time="0.001"/>
  <testcase name="testMultiply2" classname="RationalTest" time="0.001"/>
  <testcase name="testMultiply3" classname="RationalTest" time="0.001"/>
  <testcase name="testMultiply4" classname="RationalTest" time="0.001"/>
  <testcase name="testSubtract1" classname="RationalTest" time="0.001"/>
  <testcase name="testSubtract2" classname="RationalTest" time="0.001"/>
  <testcase name="testSubtract3" classname="RationalTest" time="0.002"/>
  <testcase name="testSubtract4" classname="RationalTest" time="0"/>
  <testcase name="testDivide1" classname="RationalTest" time="0"/>
  <testcase name="testDivide2" classname="RationalTest" time="0.001"/>
  <testcase name="testDivide3" classname="RationalTest" time="0.002"/>
  <testcase name="testDivide4" classname="RationalTest" time="0.001"/>
</testsuite>